TN:
SF:/src/contracts/configuration/AddressStorage.sol
FN:6,getAddress
FN:10,_setAddress
FNF:2
FNH:2
FNDA:758,getAddress
FNDA:26,_setAddress
DA:7,758
DA:11,26
LF:2
LH:2
BRF:0
BRH:0
end_of_record
TN:
SF:/src/contracts/configuration/LendingPoolAddressesProvider.sol
FN:35,getLendingPool
FN:40,setLendingPool
FN:45,getInterestRateStrategy
FN:50,setInterestRateStrategy
FN:55,getLendingPoolCore
FN:61,setLendingPoolCore
FN:66,getLendingPoolConfigurator
FN:71,setLendingPoolConfigurator
FN:76,getLendingPoolManager
FN:81,setLendingPoolManager
FN:86,getLendingPoolDataProvider
FN:91,setLendingPoolDataProvider
FN:96,getNetworkMetadataProvider
FN:101,setNetworkMetadataProvider
FN:106,getLendingPoolParametersProvider
FN:111,setLendingPoolParametersProvider
FN:117,getPriceOracle
FN:122,setPriceOracle
FN:127,getLendingRateOracle
FN:132,setLendingRateOracle
FN:137,getFeeProvider
FN:142,setFeeProvider
FN:147,getLendingPoolLiquidationManager
FN:152,setLendingPoolLiquidationManager
FNF:24
FNH:22
FNDA:25,getLendingPool
FNDA:3,setLendingPool
FNDA:0,getInterestRateStrategy
FNDA:0,setInterestRateStrategy
FNDA:169,getLendingPoolCore
FNDA:2,setLendingPoolCore
FNDA:101,getLendingPoolConfigurator
FNDA:3,setLendingPoolConfigurator
FNDA:127,getLendingPoolManager
FNDA:2,setLendingPoolManager
FNDA:9,getLendingPoolDataProvider
FNDA:2,setLendingPoolDataProvider
FNDA:30,getNetworkMetadataProvider
FNDA:2,setNetworkMetadataProvider
FNDA:4,getLendingPoolParametersProvider
FNDA:2,setLendingPoolParametersProvider
FNDA:35,getPriceOracle
FNDA:2,setPriceOracle
FNDA:196,getLendingRateOracle
FNDA:2,setLendingRateOracle
FNDA:20,getFeeProvider
FNDA:2,setFeeProvider
FNDA:7,getLendingPoolLiquidationManager
FNDA:2,setLendingPoolLiquidationManager
DA:36,25
DA:41,3
DA:42,3
DA:46,0
DA:51,0
DA:52,0
DA:56,169
DA:57,169
DA:62,2
DA:63,2
DA:67,101
DA:72,3
DA:73,3
DA:77,127
DA:82,2
DA:83,2
DA:87,9
DA:92,2
DA:93,2
DA:97,30
DA:102,2
DA:103,2
DA:107,4
DA:112,2
DA:113,2
DA:118,35
DA:123,2
DA:124,2
DA:128,196
DA:133,2
DA:134,2
DA:138,20
DA:143,2
DA:144,2
DA:148,7
DA:153,2
DA:154,2
LF:37
LH:34
BRF:0
BRH:0
end_of_record
TN:
SF:/src/contracts/configuration/LendingPoolParametersProvider.sol
FN:20,getMaxFixedRateBorrowSizePercent
FN:25,setMaxFixedRateBorrowSizePercent
FN:33,getRebalanceDownRateDelta
FN:38,setRebalanceDownRateDelta
FNF:4
FNH:3
FNDA:5,getMaxFixedRateBorrowSizePercent
FNDA:2,setMaxFixedRateBorrowSizePercent
FNDA:0,getRebalanceDownRateDelta
FNDA:2,setRebalanceDownRateDelta
DA:21,5
DA:26,2
DA:34,0
DA:39,2
LF:4
LH:3
BRF:0
BRH:0
end_of_record
TN:
SF:/src/contracts/configuration/NetworkMetadataProvider.sol
FN:11,getBlocksPerYear
FN:16,setBlocksPerYear
FN:20,getEthereumAddress
FN:25,setEthereumAddress
FNF:4
FNH:4
FNDA:1,getBlocksPerYear
FNDA:2,setBlocksPerYear
FNDA:35,getEthereumAddress
FNDA:2,setEthereumAddress
DA:12,1
DA:17,2
DA:21,35
DA:26,2
LF:4
LH:4
BRF:0
BRH:0
end_of_record
TN:
SF:/src/contracts/configuration/UintStorage.sol
FN:6,getUint
FN:10,_setUint
FNF:2
FNH:2
FNDA:6,getUint
FNDA:6,_setUint
DA:7,6
DA:11,6
LF:2
LH:2
BRF:0
BRH:0
end_of_record
TN:
SF:/src/contracts/fees/FeeProvider.sol
FN:14,constructor
FN:27,calculateLoanOriginationFee
FN:31,setLoanOriginationFeePercentage
FN:35,getLoanOriginationFeePercentage
FN:39,setFeesCollectionAddress
FN:43,getFeesCollectionAddress
FNF:6
FNH:3
FNDA:4,constructor
FNDA:17,calculateLoanOriginationFee
FNDA:0,setLoanOriginationFeePercentage
FNDA:0,getLoanOriginationFeePercentage
FNDA:0,setFeesCollectionAddress
FNDA:2,getFeesCollectionAddress
DA:15,4
DA:20,4
DA:28,17
DA:32,0
DA:36,0
DA:40,0
DA:44,2
LF:7
LH:4
BRF:0
BRH:0
end_of_record
TN:
SF:/src/contracts/flashloan/base/FlashLoanReceiverBase.sol
FN:17,constructor
FN:21,
FN:24,transferFundsBackToPoolInternal
FN:31,transferInternal
FN:42,getBalanceInternal
FNF:5
FNH:5
FNDA:4,constructor
FNDA:5,
FNDA:2,transferFundsBackToPoolInternal
FNDA:2,transferInternal
FNDA:6,getBalanceInternal
DA:18,4
DA:26,2
DA:28,2
DA:32,2
DA:33,1
DA:34,1
DA:37,1
DA:43,6
DA:45,3
DA:48,3
LF:10
LH:10
BRDA:32,1,0,1
BRDA:32,1,1,1
BRDA:43,2,0,3
BRDA:43,2,1,3
BRF:4
BRH:4
end_of_record
TN:
SF:/src/contracts/flashloan/interfaces/IFlashLoanReceiver.sol
FNF:0
FNH:0
LF:0
LH:0
BRF:0
BRH:0
end_of_record
TN:
SF:/src/contracts/interfaces/IFeeProvider.sol
FNF:0
FNH:0
LF:0
LH:0
BRF:0
BRH:0
end_of_record
TN:
SF:/src/contracts/interfaces/ILendingRateOracle.sol
FNF:0
FNH:0
LF:0
LH:0
BRF:0
BRH:0
end_of_record
TN:
SF:/src/contracts/interfaces/INetworkMetadataProvider.sol
FNF:0
FNH:0
LF:0
LH:0
BRF:0
BRH:0
end_of_record
TN:
SF:/src/contracts/interfaces/IPriceOracle.sol
FNF:0
FNH:0
LF:0
LH:0
BRF:0
BRH:0
end_of_record
TN:
SF:/src/contracts/interfaces/IReserveInterestRateStrategy.sol
FNF:0
FNH:0
LF:0
LH:0
BRF:0
BRH:0
end_of_record
TN:
SF:/src/contracts/lendingpool/DefaultReserveInterestRateStrategy.sol
FN:35,constructor
FN:56,getBaseVariableBorrowRate
FN:60,getVariableBorrowRateScaling
FN:64,getFixedBorrowRateScaling
FN:68,getBorrowToLiquidityRateDelta
FN:77,calculateInterestRates
FN:106,getOverallBorrowRateInternal
FNF:7
FNH:3
FNDA:32,constructor
FNDA:0,getBaseVariableBorrowRate
FNDA:0,getVariableBorrowRateScaling
FNDA:0,getFixedBorrowRateScaling
FNDA:0,getBorrowToLiquidityRateDelta
FNDA:26,calculateInterestRates
FNDA:26,getOverallBorrowRateInternal
DA:43,32
DA:44,32
DA:45,32
DA:46,32
DA:47,32
DA:48,32
DA:49,32
DA:57,0
DA:61,0
DA:65,0
DA:69,0
DA:85,26
DA:87,26
DA:88,3
DA:91,26
DA:95,26
DA:112,26
DA:114,26
DA:116,7
DA:120,7
DA:122,7
DA:124,7
LF:22
LH:18
BRDA:87,1,0,3
BRDA:87,1,1,23
BRDA:114,2,0,19
BRDA:114,2,1,7
BRF:4
BRH:4
end_of_record
TN:
SF:/src/contracts/lendingpool/LendingPool.sol
FN:63,onlyOverlyingAToken
FN:71,onlyActiveReserve
FN:78,constructor
FN:90,deposit
FN:123,redeemUnderlying
FN:175,borrow
FN:329,repay
FN:422,swapBorrowRateMode
FN:493,rebalanceFixedBorrowRate
FN:549,setUserUseReserveAsCollateral
FN:574,liquidationCall
FN:602,flashLoan
FN:671,getReserveConfigurationData
FN:688,getReserveData
FN:710,getUserAccountData
FN:726,getUserReserveData
FN:746,getReserves
FN:753,requireReserveActiveInternal
FNF:18
FNH:14
FNDA:4,onlyOverlyingAToken
FNDA:40,onlyActiveReserve
FNDA:4,constructor
FNDA:11,deposit
FNDA:4,redeemUnderlying
FNDA:8,borrow
FNDA:2,repay
FNDA:2,swapBorrowRateMode
FNDA:0,rebalanceFixedBorrowRate
FNDA:0,setUserUseReserveAsCollateral
FNDA:7,liquidationCall
FNDA:6,flashLoan
FNDA:0,getReserveConfigurationData
FNDA:153,getReserveData
FNDA:14,getUserAccountData
FNDA:22,getUserReserveData
FNDA:0,getReserves
FNDA:40,requireReserveActiveInternal
DA:64,4
DA:68,4
DA:72,40
DA:73,40
DA:80,4
DA:81,4
DA:82,4
DA:83,4
DA:98,11
DA:101,11
DA:102,11
DA:103,11
DA:104,11
DA:107,11
DA:108,11
DA:112,11
DA:115,11
DA:129,4
DA:130,4
DA:133,4
DA:139,4
DA:140,4
DA:141,4
DA:143,4
DA:146,4
DA:182,8
DA:185,8
DA:188,8
DA:190,8
DA:196,8
DA:207,8
DA:210,7
DA:216,7
DA:227,5
DA:228,5
DA:230,5
DA:233,4
DA:240,4
DA:242,4
DA:249,4
DA:254,4
DA:255,4
DA:258,4
DA:262,4
DA:270,4
DA:271,4
DA:274,4
DA:278,4
DA:285,4
DA:287,4
DA:298,4
DA:299,3
DA:302,1
DA:306,4
DA:308,4
DA:309,4
DA:312,4
DA:313,4
DA:314,4
DA:317,4
DA:320,4
DA:338,2
DA:342,2
DA:344,2
DA:346,2
DA:352,2
DA:354,2
DA:355,0
DA:359,2
DA:360,0
DA:361,0
DA:367,0
DA:370,2
DA:371,2
DA:374,2
DA:375,2
DA:383,2
DA:384,2
DA:387,2
DA:390,2
DA:393,2
DA:395,2
DA:396,1
DA:397,1
DA:400,1
DA:401,1
DA:404,1
DA:407,2
DA:409,2
DA:410,2
DA:412,2
DA:415,2
DA:424,2
DA:425,2
DA:429,2
DA:432,2
DA:433,2
DA:435,2
DA:437,1
DA:440,1
DA:441,1
DA:442,1
DA:454,1
DA:459,1
DA:467,1
DA:468,1
DA:469,1
DA:470,1
DA:473,2
DA:474,2
DA:478,2
DA:479,2
DA:480,2
DA:483,2
DA:495,0
DA:500,0
DA:505,0
DA:510,0
DA:512,0
DA:513,0
DA:514,0
DA:515,0
DA:516,0
DA:518,0
DA:519,0
DA:520,0
DA:533,0
DA:537,0
DA:538,0
DA:539,0
DA:542,0
DA:551,0
DA:553,0
DA:555,0
DA:560,0
DA:562,0
DA:563,0
DA:566,0
DA:580,7
DA:583,7
DA:591,7
DA:593,7
DA:595,7
DA:596,6
DA:599,1
DA:610,6
DA:613,6
DA:616,6
DA:617,6
DA:619,6
DA:624,6
DA:628,6
DA:630,6
DA:633,6
DA:636,6
DA:639,6
DA:642,6
DA:645,6
DA:647,6
DA:650,2
DA:653,2
DA:656,2
DA:659,2
DA:660,2
DA:663,2
DA:684,0
DA:707,153
DA:723,14
DA:743,22
DA:747,0
DA:754,40
LF:171
LH:141
BRDA:64,1,0,4
BRDA:64,1,1,0
BRDA:130,2,0,4
BRDA:130,2,1,0
BRDA:185,3,0,8
BRDA:185,3,1,0
BRDA:190,4,0,8
BRDA:190,4,1,0
BRDA:196,5,0,8
BRDA:196,5,1,0
BRDA:207,6,0,7
BRDA:207,6,1,1
BRDA:210,7,0,7
BRDA:210,7,1,0
BRDA:216,8,0,5
BRDA:216,8,1,2
BRDA:230,9,0,3
BRDA:230,9,1,2
BRDA:240,10,0,4
BRDA:240,10,1,0
BRDA:242,11,0,4
BRDA:242,11,1,0
BRDA:262,12,0,4
BRDA:262,12,1,0
BRDA:298,13,0,3
BRDA:298,13,1,1
BRDA:344,14,0,2
BRDA:344,14,1,0
BRDA:346,15,0,2
BRDA:346,15,1,0
BRDA:354,16,0,0
BRDA:354,16,1,2
BRDA:359,17,0,0
BRDA:359,17,1,2
BRDA:395,18,0,1
BRDA:395,18,1,1
BRDA:400,19,0,1
BRDA:400,19,1,0
BRDA:429,20,0,2
BRDA:429,20,1,0
BRDA:435,21,0,1
BRDA:435,21,1,1
BRDA:454,22,0,1
BRDA:454,22,1,0
BRDA:459,23,0,1
BRDA:459,23,1,0
BRDA:495,24,0,0
BRDA:495,24,1,0
BRDA:505,25,0,0
BRDA:505,25,1,0
BRDA:533,26,0,0
BRDA:533,26,1,0
BRDA:553,27,0,0
BRDA:553,27,1,0
BRDA:555,28,0,0
BRDA:555,28,1,0
BRDA:562,29,0,0
BRDA:562,29,1,0
BRDA:591,30,0,7
BRDA:591,30,1,0
BRDA:595,31,0,6
BRDA:595,31,1,1
BRDA:610,32,0,6
BRDA:610,32,1,0
BRDA:613,33,0,6
BRDA:613,33,1,0
BRDA:617,34,0,6
BRDA:617,34,1,0
BRDA:624,35,0,6
BRDA:624,35,1,0
BRDA:630,36,0,6
BRDA:630,36,1,0
BRDA:642,37,0,6
BRDA:642,37,1,0
BRDA:647,38,0,2
BRDA:647,38,1,4
BRDA:754,39,0,40
BRDA:754,39,1,0
BRF:78
BRH:41
end_of_record
TN:
SF:/src/contracts/lendingpool/LendingPoolConfigurator.sol
FN:51,onlyLendingPoolManager
FN:59,constructor
FN:69,initReserve
FN:96,initReserveWithData
FN:126,enableBorrowingOnReserve
FN:135,disableBorrowingOnReserve
FN:147,enableReserveAsCollateral
FN:156,disableReserveAsCollateral
FN:168,enableReserveFixedBorrowRate
FN:175,disableReserveFixedBorrowRate
FN:182,activateReserve
FN:189,deactivateReserve
FN:202,setReserveBaseLTVasCollateral
FN:207,setReserveLiquidationThreshold
FN:215,setReserveLiquidationDiscount
FN:224,setReserveInterestRateStrategyAddress
FN:229,setLendingPoolCoreAddressesProvider
FN:234,refreshLendingPoolCoreConfiguration
FNF:18
FNH:7
FNDA:126,onlyLendingPoolManager
FNDA:4,constructor
FNDA:32,initReserve
FNDA:32,initReserveWithData
FNDA:32,enableBorrowingOnReserve
FNDA:0,disableBorrowingOnReserve
FNDA:28,enableReserveAsCollateral
FNDA:0,disableReserveAsCollateral
FNDA:0,enableReserveFixedBorrowRate
FNDA:0,disableReserveFixedBorrowRate
FNDA:0,activateReserve
FNDA:0,deactivateReserve
FNDA:0,setReserveBaseLTVasCollateral
FNDA:0,setReserveLiquidationThreshold
FNDA:0,setReserveLiquidationDiscount
FNDA:0,setReserveInterestRateStrategyAddress
FNDA:0,setLendingPoolCoreAddressesProvider
FNDA:2,refreshLendingPoolCoreConfiguration
DA:52,126
DA:56,126
DA:62,4
DA:77,32
DA:79,32
DA:80,32
DA:82,32
DA:106,32
DA:108,32
DA:117,32
DA:119,32
DA:130,32
DA:131,32
DA:132,32
DA:136,0
DA:137,0
DA:139,0
DA:151,28
DA:152,28
DA:153,28
DA:157,0
DA:158,0
DA:160,0
DA:169,0
DA:170,0
DA:172,0
DA:176,0
DA:177,0
DA:179,0
DA:183,0
DA:184,0
DA:186,0
DA:190,0
DA:191,0
DA:193,0
DA:203,0
DA:204,0
DA:211,0
DA:212,0
DA:219,0
DA:220,0
DA:225,0
DA:226,0
DA:230,0
DA:231,0
DA:235,2
DA:236,2
LF:47
LH:19
BRDA:52,1,0,126
BRDA:52,1,1,0
BRF:2
BRH:1
end_of_record
TN:
SF:/src/contracts/lendingpool/LendingPoolCore.sol
FN:55,onlyLendingPool
FN:63,onlyLendingPoolConfigurator
FN:75,onlyReserveWithEnabledBorrowingOrCollateral
FN:86,onlyReserveWithEnabledBorrowing
FN:96,constructor
FN:109,updateReserveCumulativeIndexes
FN:118,cumulateLiquidityToReserveLiquidityIndex
FN:127,updateReserveInterestRates
FN:153,increaseReserveTotalLiquidity
FN:167,decreaseReserveTotalLiquidity
FN:177,increaseReserveTotalBorrowsFixedAndUpdateAverageRate
FN:192,decreaseReserveTotalBorrowsFixedAndUpdateAverageRate
FN:203,increaseReserveTotalBorrowsVariable
FN:216,decreaseReserveTotalBorrowsVariable
FN:224,updateReserveTotalBorrowsByRateMode
FN:262,setReserveLastUpdate
FN:271,updateUserLastVariableBorrowCumulativeIndex
FN:278,increaseUserOriginationFee
FN:283,decreaseUserOriginationFee
FN:288,increaseUserPrincipalBorrowBalance
FN:297,decreaseUserPrincipalBorrowBalance
FN:306,setUserUseReserveAsCollateral
FN:311,setUserLastUpdate
FN:321,updateUserFixedBorrowRate
FN:327,resetUserFixedBorrowRate
FN:336,getReserveInterestRateStrategyAddress
FN:341,getReserveATokenAddress
FN:346,getReserveAvailableLiquidity
FN:351,getReserveTotalLiquidity
FN:356,getReserveNormalizedIncome
FN:361,getReserveTotalBorrows
FN:365,getReserveTotalBorrowsFixed
FN:370,getReserveTotalBorrowsVariable
FN:375,getReserveLiquidationThreshold
FN:380,getReserveLiquidationDiscount
FN:385,getReserveCurrentVariableBorrowRate
FN:390,getReserveCurrentFixedBorrowRate
FN:402,getReserveCurrentAverageFixedBorrowRate
FN:407,getReserveCurrentLiquidityRate
FN:412,getReserveLiquidityCumulativeIndex
FN:417,getReserveVariableBorrowsCumulativeIndex
FN:428,getReserveConfiguration
FN:446,isReserveBorrowingEnabled
FN:451,isReserveUsageAsCollateralEnabled
FN:456,getReserveIsFixedBorrowRateEnabled
FN:461,getReserveIsActive
FN:467,getReserveLastUpdate
FN:476,isUserUseReserveAsCollateralEnabled
FN:480,getUserOriginationFee
FN:485,getUserCurrentBorrowRateMode
FN:494,getUserCurrentFixedBorrowRate
FN:499,getUserBorrowBalances
FN:519,getUserVariableBorrowCumulativeIndex
FN:524,getUserLastUpdate
FN:537,getReserveUtilizationRate
FN:541,getReserves
FN:549,setAddressesProvider
FN:555,refreshConfiguration
FN:559,initReserve
FN:568,setReserveInterestRateStrategyAddress
FN:572,enableBorrowingOnReserve
FN:579,disableBorrowingOnReserve
FN:583,enableReserveAsCollateral
FN:590,disableReserveAsCollateral
FN:594,enableReserveFixedBorrowRate
FN:599,disableReserveFixedBorrowRate
FN:604,activateReserve
FN:609,deactivateReserve
FN:620,setReserveBaseLTVasCollateral
FN:627,setReserveLiquidationThreshold
FN:635,setReserveLiquidationDiscount
FN:646,
FN:652,transferToUser
FN:661,transferToFeeCollectionAddress
FN:676,transferToReserve
FN:704,refreshConfigInternal
FN:710,addReserveToListInternal
FNF:77
FNH:66
FNDA:207,onlyLendingPool
FNDA:99,onlyLendingPoolConfigurator
FNDA:27,onlyReserveWithEnabledBorrowingOrCollateral
FNDA:6,onlyReserveWithEnabledBorrowing
FNDA:4,constructor
FNDA:27,updateReserveCumulativeIndexes
FNDA:2,cumulateLiquidityToReserveLiquidityIndex
FNDA:26,updateReserveInterestRates
FNDA:23,increaseReserveTotalLiquidity
FNDA:5,decreaseReserveTotalLiquidity
FNDA:2,increaseReserveTotalBorrowsFixedAndUpdateAverageRate
FNDA:4,decreaseReserveTotalBorrowsFixedAndUpdateAverageRate
FNDA:2,increaseReserveTotalBorrowsVariable
FNDA:3,decreaseReserveTotalBorrowsVariable
FNDA:4,updateReserveTotalBorrowsByRateMode
FNDA:27,setReserveLastUpdate
FNDA:10,updateUserLastVariableBorrowCumulativeIndex
FNDA:4,increaseUserOriginationFee
FNDA:2,decreaseUserOriginationFee
FNDA:6,increaseUserPrincipalBorrowBalance
FNDA:3,decreaseUserPrincipalBorrowBalance
FNDA:11,setUserUseReserveAsCollateral
FNDA:9,setUserLastUpdate
FNDA:4,updateUserFixedBorrowRate
FNDA:3,resetUserFixedBorrowRate
FNDA:0,getReserveInterestRateStrategyAddress
FNDA:687,getReserveATokenAddress
FNDA:171,getReserveAvailableLiquidity
FNDA:155,getReserveTotalLiquidity
FNDA:64,getReserveNormalizedIncome
FNDA:171,getReserveTotalBorrows
FNDA:155,getReserveTotalBorrowsFixed
FNDA:155,getReserveTotalBorrowsVariable
FNDA:0,getReserveLiquidationThreshold
FNDA:1,getReserveLiquidationDiscount
FNDA:168,getReserveCurrentVariableBorrowRate
FNDA:163,getReserveCurrentFixedBorrowRate
FNDA:153,getReserveCurrentAverageFixedBorrowRate
FNDA:175,getReserveCurrentLiquidityRate
FNDA:154,getReserveLiquidityCumulativeIndex
FNDA:153,getReserveVariableBorrowsCumulativeIndex
FNDA:46,getReserveConfiguration
FNDA:17,isReserveBorrowingEnabled
FNDA:8,isReserveUsageAsCollateralEnabled
FNDA:8,getReserveIsFixedBorrowRateEnabled
FNDA:40,getReserveIsActive
FNDA:154,getReserveLastUpdate
FNDA:63,isUserUseReserveAsCollateralEnabled
FNDA:24,getUserOriginationFee
FNDA:31,getUserCurrentBorrowRateMode
FNDA:10,getUserCurrentFixedBorrowRate
FNDA:497,getUserBorrowBalances
FNDA:24,getUserVariableBorrowCumulativeIndex
FNDA:23,getUserLastUpdate
FNDA:153,getReserveUtilizationRate
FNDA:37,getReserves
FNDA:0,setAddressesProvider
FNDA:3,refreshConfiguration
FNDA:32,initReserve
FNDA:0,setReserveInterestRateStrategyAddress
FNDA:33,enableBorrowingOnReserve
FNDA:2,disableBorrowingOnReserve
FNDA:28,enableReserveAsCollateral
FNDA:1,disableReserveAsCollateral
FNDA:0,enableReserveFixedBorrowRate
FNDA:0,disableReserveFixedBorrowRate
FNDA:0,activateReserve
FNDA:0,deactivateReserve
FNDA:0,setReserveBaseLTVasCollateral
FNDA:0,setReserveLiquidationThreshold
FNDA:0,setReserveLiquidationDiscount
FNDA:1,
FNDA:14,transferToUser
FNDA:2,transferToFeeCollectionAddress
FNDA:14,transferToReserve
FNDA:7,refreshConfigInternal
FNDA:32,addReserveToListInternal
DA:56,207
DA:57,207
DA:64,99
DA:68,99
DA:76,27
DA:80,27
DA:87,6
DA:88,6
DA:97,4
DA:98,4
DA:110,27
DA:119,2
DA:129,26
DA:130,26
DA:140,26
DA:158,23
DA:159,23
DA:168,5
DA:169,5
DA:182,2
DA:196,4
DA:208,2
DA:217,3
DA:232,4
DA:233,4
DA:236,4
DA:238,1
DA:239,1
DA:241,1
DA:242,1
DA:245,0
DA:249,3
DA:250,2
DA:251,2
DA:254,1
DA:263,27
DA:272,10
DA:273,10
DA:275,10
DA:279,4
DA:280,4
DA:284,2
DA:285,2
DA:293,6
DA:294,6
DA:301,3
DA:302,3
DA:303,3
DA:307,11
DA:308,11
DA:312,9
DA:315,9
DA:322,4
DA:324,4
DA:328,3
DA:329,3
DA:337,0
DA:338,0
DA:342,687
DA:343,687
DA:347,171
DA:348,171
DA:352,155
DA:353,155
DA:357,64
DA:358,64
DA:362,171
DA:366,155
DA:367,155
DA:371,155
DA:372,155
DA:376,0
DA:377,0
DA:381,1
DA:382,1
DA:386,168
DA:387,168
DA:391,163
DA:392,163
DA:394,163
DA:396,128
DA:399,35
DA:403,153
DA:404,153
DA:408,175
DA:409,175
DA:413,154
DA:414,154
DA:418,153
DA:419,153
DA:437,46
DA:438,46
DA:439,46
DA:440,46
DA:441,46
DA:442,46
DA:443,46
DA:447,17
DA:448,17
DA:452,8
DA:453,8
DA:457,8
DA:458,8
DA:462,40
DA:463,40
DA:468,154
DA:469,154
DA:477,63
DA:478,63
DA:481,24
DA:482,24
DA:490,31
DA:491,31
DA:495,10
DA:496,10
DA:507,497
DA:508,497
DA:510,497
DA:511,497
DA:516,497
DA:520,24
DA:521,24
DA:529,23
DA:530,23
DA:538,153
DA:542,37
DA:551,0
DA:552,0
DA:556,3
DA:563,32
DA:564,32
DA:569,0
DA:576,33
DA:580,2
DA:587,28
DA:591,1
DA:595,0
DA:596,0
DA:600,0
DA:601,0
DA:605,0
DA:606,0
DA:610,0
DA:611,0
DA:623,0
DA:624,0
DA:631,0
DA:632,0
DA:639,0
DA:640,0
DA:648,1
DA:653,14
DA:654,9
DA:657,5
DA:666,2
DA:668,2
DA:669,2
DA:671,0
DA:672,0
DA:677,14
DA:679,14
DA:684,14
DA:685,9
DA:686,9
DA:690,5
DA:692,5
DA:693,0
DA:694,0
DA:706,7
DA:707,7
DA:711,32
DA:712,32
DA:713,240
DA:714,0
DA:716,32
LF:175
LH:148
BRDA:56,1,0,207
BRDA:56,1,1,0
BRDA:64,2,0,99
BRDA:64,2,1,0
BRDA:76,3,0,27
BRDA:76,3,1,0
BRDA:87,4,0,6
BRDA:87,4,1,0
BRDA:236,5,0,1
BRDA:236,5,1,3
BRDA:241,6,0,1
BRDA:241,6,1,0
BRDA:243,7,0,0
BRDA:243,7,1,0
BRDA:249,8,0,2
BRDA:249,8,1,1
BRDA:252,9,0,1
BRDA:252,9,1,0
BRDA:302,10,0,3
BRDA:302,10,1,0
BRDA:394,11,0,128
BRDA:394,11,1,35
BRDA:648,12,0,1
BRDA:648,12,1,0
BRDA:653,13,0,9
BRDA:653,13,1,5
BRDA:668,14,0,2
BRDA:668,14,1,0
BRDA:671,15,0,0
BRDA:671,15,1,0
BRDA:679,16,0,14
BRDA:679,16,1,0
BRDA:684,17,0,9
BRDA:684,17,1,5
BRDA:685,18,0,9
BRDA:685,18,1,0
BRDA:690,19,0,5
BRDA:690,19,1,0
BRDA:692,20,0,0
BRDA:692,20,1,5
BRDA:713,21,0,0
BRDA:713,21,1,240
BRDA:716,22,0,32
BRDA:716,22,1,0
BRF:44
BRH:25
end_of_record
TN:
SF:/src/contracts/lendingpool/LendingPoolDataProvider.sol
FN:38,constructor
FN:62,calculateUserGlobalData
FN:135,getUserUnderlyingAssetBalance
FN:160,balanceDecreaseAllowed
FN:214,calculateAvailableBorrowsETHInternal
FN:237,calculateHealthFactorFromBalancesInternal
FN:252,getHealthFactorLiquidationThreshold
FN:257,getReserveConfigurationData
FN:282,getReserveData
FN:316,getUserAccountData
FN:339,getUserReserveData
FN:376,getCoreActualReserveBalance
FNF:12
FNH:11
FNDA:4,constructor
FNDA:29,calculateUserGlobalData
FNDA:473,getUserUnderlyingAssetBalance
FNDA:4,balanceDecreaseAllowed
FNDA:14,calculateAvailableBorrowsETHInternal
FNDA:29,calculateHealthFactorFromBalancesInternal
FNDA:11,getHealthFactorLiquidationThreshold
FNDA:0,getReserveConfigurationData
FNDA:153,getReserveData
FNDA:14,getUserAccountData
FNDA:22,getUserReserveData
FNDA:12,getCoreActualReserveBalance
DA:39,4
DA:40,4
DA:74,29
DA:75,29
DA:77,29
DA:79,29
DA:81,464
DA:82,464
DA:84,464
DA:85,422
DA:89,42
DA:94,42
DA:95,42
DA:98,42
DA:101,29
DA:104,29
DA:106,29
DA:107,29
DA:108,29
DA:109,29
DA:114,42
DA:115,13
DA:119,29
DA:120,29
DA:122,29
DA:137,473
DA:139,473
DA:162,4
DA:164,4
DA:170,4
DA:171,0
DA:174,4
DA:181,4
DA:182,4
DA:185,0
DA:187,0
DA:192,0
DA:194,0
DA:200,0
DA:205,0
DA:219,14
DA:221,14
DA:222,1
DA:225,13
DA:227,13
DA:231,13
DA:246,29
DA:248,13
DA:253,11
DA:270,0
DA:276,0
DA:277,0
DA:279,0
DA:301,153
DA:302,153
DA:303,153
DA:304,153
DA:305,153
DA:306,153
DA:307,153
DA:308,153
DA:309,153
DA:310,153
DA:311,153
DA:312,153
DA:313,153
DA:329,14
DA:336,14
DA:356,22
DA:357,22
DA:358,22
DA:359,22
DA:361,22
DA:362,22
DA:365,22
DA:366,22
DA:367,22
DA:368,22
DA:369,22
DA:378,12
DA:379,12
DA:381,12
DA:383,12
LF:83
LH:72
BRDA:84,1,0,422
BRDA:84,1,1,42
BRDA:98,2,0,29
BRDA:98,2,1,13
BRDA:106,3,0,29
BRDA:106,3,1,0
BRDA:114,4,0,13
BRDA:114,4,1,29
BRDA:170,5,0,0
BRDA:170,5,1,4
BRDA:181,6,0,4
BRDA:181,6,1,0
BRDA:221,7,0,1
BRDA:221,7,1,13
BRDA:246,8,0,16
BRDA:246,8,1,13
BRF:16
BRH:13
end_of_record
TN:
SF:/src/contracts/lendingpool/LendingPoolLiquidationManager.sol
FN:72,liquidationCall
FN:199,calculateAvailableCollateralToLiquidate
FNF:2
FNH:2
FNDA:7,liquidationCall
FNDA:1,calculateAvailableCollateralToLiquidate
DA:77,7
DA:79,7
DA:81,7
DA:82,2
DA:85,5
DA:88,5
DA:89,2
DA:92,3
DA:96,3
DA:97,0
DA:101,3
DA:103,3
DA:104,2
DA:108,1
DA:110,1
DA:116,1
DA:123,1
DA:124,0
DA:128,1
DA:129,0
DA:130,0
DA:131,0
DA:136,1
DA:138,1
DA:140,1
DA:142,1
DA:143,1
DA:144,1
DA:146,0
DA:149,1
DA:150,1
DA:152,1
DA:153,1
DA:156,1
DA:157,1
DA:160,1
DA:163,1
DA:164,1
DA:168,0
DA:169,0
DA:170,0
DA:171,0
DA:174,1
DA:178,1
DA:180,1
DA:205,1
DA:206,1
DA:207,1
DA:209,1
DA:211,1
DA:212,1
DA:213,1
DA:217,1
DA:222,1
DA:223,0
DA:224,0
DA:231,1
DA:232,1
DA:235,1
LF:59
LH:47
BRDA:81,1,0,2
BRDA:81,1,1,5
BRDA:88,2,0,2
BRDA:88,2,1,3
BRDA:96,3,0,0
BRDA:96,3,1,3
BRDA:103,4,0,2
BRDA:103,4,1,1
BRDA:123,5,0,0
BRDA:123,5,1,1
BRDA:128,6,0,0
BRDA:128,6,1,1
BRDA:130,7,0,0
BRDA:130,7,1,0
BRDA:142,8,0,1
BRDA:142,8,1,0
BRDA:163,9,0,1
BRDA:163,9,1,0
BRDA:222,10,0,0
BRDA:222,10,1,1
BRF:20
BRH:12
end_of_record
TN:
SF:/src/contracts/libraries/CoreLibrary.sol
FN:83,getReserveUtilizationRate
FN:96,getNormalizedIncome
FN:117,updateCumulativeIndexes
FN:136,cumulateToLiquidityIndex
FN:151,init
FN:172,enableBorrowing
FN:184,disableBorrowing
FN:188,enableAsCollateral
FN:201,disableAsCollateral
FN:209,getCompoundedBorrowBalance
FN:247,increaseTotalBorrowsFixedAndUpdateAverageRate
FN:262,decreaseTotalBorrowsFixedAndUpdateAverageRate
FN:288,increaseTotalBorrowsVariable
FN:292,decreaseTotalBorrowsVariable
FN:297,setLastUpdate
FN:302,getTotalBorrows
FN:311,calculateCumulatedInterest
FNF:17
FNH:17
FNDA:206,getReserveUtilizationRate
FNDA:64,getNormalizedIncome
FNDA:27,updateCumulativeIndexes
FNDA:2,cumulateToLiquidityIndex
FNDA:32,init
FNDA:33,enableBorrowing
FNDA:2,disableBorrowing
FNDA:28,enableAsCollateral
FNDA:1,disableAsCollateral
FNDA:497,getCompoundedBorrowBalance
FNDA:5,increaseTotalBorrowsFixedAndUpdateAverageRate
FNDA:5,decreaseTotalBorrowsFixedAndUpdateAverageRate
FNDA:3,increaseTotalBorrowsVariable
FNDA:5,decreaseTotalBorrowsVariable
FNDA:27,setLastUpdate
FNDA:171,getTotalBorrows
FNDA:104,calculateCumulatedInterest
DA:85,206
DA:87,67
DA:89,67
DA:102,64
DA:107,64
DA:119,27
DA:121,27
DA:123,6
DA:125,6
DA:129,6
DA:130,6
DA:138,2
DA:140,2
DA:142,2
DA:152,32
DA:154,32
DA:156,32
DA:159,32
DA:160,32
DA:163,32
DA:164,32
DA:166,32
DA:167,32
DA:176,33
DA:178,33
DA:179,33
DA:185,2
DA:191,28
DA:193,28
DA:194,28
DA:195,28
DA:197,28
DA:202,1
DA:216,497
DA:218,28
DA:219,28
DA:220,28
DA:222,28
DA:223,24
DA:227,4
DA:232,28
DA:236,28
DA:241,9
DA:244,19
DA:248,5
DA:250,5
DA:254,5
DA:255,5
DA:257,5
DA:264,5
DA:266,5
DA:269,5
DA:271,5
DA:272,4
DA:273,4
DA:278,1
DA:279,1
DA:281,1
DA:283,1
DA:289,3
DA:293,5
DA:294,5
DA:299,27
DA:303,171
DA:314,104
DA:316,104
DA:319,104
LF:67
LH:67
BRDA:85,1,0,139
BRDA:85,1,1,67
BRDA:121,2,0,6
BRDA:121,2,1,21
BRDA:152,3,0,32
BRDA:152,3,1,0
BRDA:154,4,0,32
BRDA:154,4,1,0
BRDA:159,5,0,32
BRDA:159,5,1,0
BRDA:176,6,0,33
BRDA:176,6,1,0
BRDA:191,7,0,28
BRDA:191,7,1,0
BRDA:197,8,0,0
BRDA:197,8,1,28
BRDA:216,9,0,469
BRDA:216,9,1,28
BRDA:222,10,0,24
BRDA:222,10,1,4
BRDA:236,11,0,9
BRDA:236,11,1,19
BRDA:264,12,0,5
BRDA:264,12,1,0
BRDA:271,13,0,4
BRDA:271,13,1,1
BRDA:281,14,0,1
BRDA:281,14,1,0
BRDA:293,15,0,5
BRDA:293,15,1,0
BRF:30
BRH:21
end_of_record
TN:
SF:/src/contracts/libraries/WadRayMath.sol
FN:22,ray
FN:25,wad
FN:29,halfRay
FN:33,halfWad
FN:38,wadMul
FN:42,wadDiv
FN:48,rayMul
FN:52,rayDiv
FN:58,rayToWad
FN:62,wadToRay
FNF:10
FNH:7
FNDA:170,ray
FNDA:0,wad
FNDA:0,halfRay
FNDA:0,halfWad
FNDA:34,wadMul
FNDA:13,wadDiv
FNDA:295,rayMul
FNDA:305,rayDiv
FNDA:91,rayToWad
FNDA:331,wadToRay
DA:23,170
DA:26,0
DA:30,0
DA:34,0
DA:39,34
DA:43,13
DA:45,13
DA:49,295
DA:53,305
DA:55,305
DA:59,91
DA:63,331
LF:12
LH:9
BRF:0
BRH:0
end_of_record
TN:
SF:/src/contracts/mocks/FlashLoan/MockFlashLoanReceiver.sol
FN:19,constructor
FN:22,setFailExecutionTransfer
FN:26,executeOperation
FNF:3
FNH:3
FNDA:4,constructor
FNDA:3,setFailExecutionTransfer
FNDA:6,executeOperation
DA:23,3
DA:31,6
DA:35,6
DA:37,6
DA:38,4
DA:40,4
DA:45,2
DA:47,2
DA:48,1
DA:51,2
DA:52,2
DA:53,2
LF:12
LH:12
BRDA:35,1,0,6
BRDA:35,1,1,0
BRDA:37,2,0,4
BRDA:37,2,1,2
BRDA:47,3,0,1
BRDA:47,3,1,1
BRF:6
BRH:5
end_of_record
TN:
SF:/src/contracts/mocks/Oracle/LendingRateOracle.sol
FN:12,getMarketBorrowRate
FN:16,setMarketBorrowRate
FN:20,getMarketLiquidityRate
FN:24,setMarketLiquidityRate
FNF:4
FNH:3
FNDA:154,getMarketBorrowRate
FNDA:12,setMarketBorrowRate
FNDA:0,getMarketLiquidityRate
FNDA:12,setMarketLiquidityRate
DA:13,154
DA:17,12
DA:21,0
DA:25,12
LF:4
LH:3
BRF:0
BRH:0
end_of_record
TN:
SF:/src/contracts/mocks/Oracle/PriceOracle.sol
FN:11,getAssetPrice
FN:15,setAssetPrice
FN:19,getEthUsdPrice
FN:23,setEthUsdPrice
FNF:4
FNH:3
FNDA:56,getAssetPrice
FNDA:33,setAssetPrice
FNDA:0,getEthUsdPrice
FNDA:2,setEthUsdPrice
DA:12,56
DA:16,33
DA:20,0
DA:24,2
LF:4
LH:3
BRF:0
BRH:0
end_of_record
TN:
SF:/src/contracts/mocks/tokens/MintableERC20.sol
FN:15,mint
FNF:1
FNH:1
FNDA:10,mint
DA:16,10
DA:17,10
LF:2
LH:2
BRF:0
BRH:0
end_of_record
TN:
SF:/src/contracts/mocks/tokens/MockAMPL.sol
FNF:0
FNH:0
LF:0
LH:0
BRF:0
BRH:0
end_of_record
TN:
SF:/src/contracts/mocks/tokens/MockBAT.sol
FNF:0
FNH:0
LF:0
LH:0
BRF:0
BRH:0
end_of_record
TN:
SF:/src/contracts/mocks/tokens/MockDAI.sol
FNF:0
FNH:0
LF:0
LH:0
BRF:0
BRH:0
end_of_record
TN:
SF:/src/contracts/mocks/tokens/MockETH.sol
FNF:0
FNH:0
LF:0
LH:0
BRF:0
BRH:0
end_of_record
TN:
SF:/src/contracts/mocks/tokens/MockKNC.sol
FNF:0
FNH:0
LF:0
LH:0
BRF:0
BRH:0
end_of_record
TN:
SF:/src/contracts/mocks/tokens/MockLEND.sol
FNF:0
FNH:0
LF:0
LH:0
BRF:0
BRH:0
end_of_record
TN:
SF:/src/contracts/mocks/tokens/MockLINK.sol
FNF:0
FNH:0
LF:0
LH:0
BRF:0
BRH:0
end_of_record
TN:
SF:/src/contracts/mocks/tokens/MockMANA.sol
FNF:0
FNH:0
LF:0
LH:0
BRF:0
BRH:0
end_of_record
TN:
SF:/src/contracts/mocks/tokens/MockMKR.sol
FNF:0
FNH:0
LF:0
LH:0
BRF:0
BRH:0
end_of_record
TN:
SF:/src/contracts/mocks/tokens/MockREP.sol
FNF:0
FNH:0
LF:0
LH:0
BRF:0
BRH:0
end_of_record
TN:
SF:/src/contracts/mocks/tokens/MockSUSD.sol
FNF:0
FNH:0
LF:0
LH:0
BRF:0
BRH:0
end_of_record
TN:
SF:/src/contracts/mocks/tokens/MockTUSD.sol
FNF:0
FNH:0
LF:0
LH:0
BRF:0
BRH:0
end_of_record
TN:
SF:/src/contracts/mocks/tokens/MockUSDC.sol
FNF:0
FNH:0
LF:0
LH:0
BRF:0
BRH:0
end_of_record
TN:
SF:/src/contracts/mocks/tokens/MockUSDT.sol
FNF:0
FNH:0
LF:0
LH:0
BRF:0
BRH:0
end_of_record
TN:
SF:/src/contracts/mocks/tokens/MockWBTC.sol
FNF:0
FNH:0
LF:0
LH:0
BRF:0
BRH:0
end_of_record
TN:
SF:/src/contracts/mocks/tokens/MockZRX.sol
FNF:0
FNH:0
LF:0
LH:0
BRF:0
BRH:0
end_of_record
TN:
SF:/src/contracts/tokenization/AToken.sol
FN:33,onlyLendingPool
FN:41,whenTranferAllowed
FN:46,constructor
FN:66,_transfer
FN:73,redeem
FN:90,mintOnDeposit
FN:101,burnOnLiquidation
FN:109,transferOnLiquidation
FN:116,getExchangeRate
FN:122,balanceOfUnderlying
FN:126,aTokenAmountToUnderlyingAmount
FN:146,isTransferAllowed
FN:152,underlyingAmountToATokenAmount
FN:165,burnOnRedeemInternal
FNF:14
FNH:12
FNDA:12,onlyLendingPool
FNDA:4,whenTranferAllowed
FNDA:32,constructor
FNDA:0,_transfer
FNDA:4,redeem
FNDA:11,mintOnDeposit
FNDA:0,burnOnLiquidation
FNDA:1,transferOnLiquidation
FNDA:63,getExchangeRate
FNDA:495,balanceOfUnderlying
FNDA:504,aTokenAmountToUnderlyingAmount
FNDA:4,isTransferAllowed
FNDA:12,underlyingAmountToATokenAmount
FNDA:4,burnOnRedeemInternal
DA:34,12
DA:38,12
DA:42,4
DA:43,4
DA:55,32
DA:56,32
DA:57,32
DA:58,32
DA:59,32
DA:67,0
DA:75,4
DA:78,4
DA:81,4
DA:82,4
DA:83,4
DA:91,11
DA:93,11
DA:94,11
DA:102,0
DA:110,1
DA:117,63
DA:119,63
DA:123,495
DA:127,504
DA:129,452
DA:132,52
DA:134,52
DA:147,4
DA:148,4
DA:149,4
DA:153,12
DA:155,1
DA:158,11
DA:166,4
DA:167,4
LF:35
LH:33
BRDA:34,1,0,12
BRDA:34,1,1,0
BRDA:42,2,0,4
BRDA:42,2,1,0
BRDA:127,3,0,452
BRDA:127,3,1,52
BRDA:153,4,0,1
BRDA:153,4,1,11
BRF:8
BRH:6
end_of_record
