TN:
SF:/src/contracts/configuration/AddressStorage.sol
FN:6,getAddress
FN:10,_setAddress
FNF:2
FNH:2
FNDA:1281,getAddress
FNDA:28,_setAddress
DA:7,1281
DA:11,28
LF:2
LH:2
BRF:0
BRH:0
end_of_record
TN:
SF:/src/contracts/configuration/LendingPoolAddressesProvider.sol
FN:39,getLendingPool
FN:43,setLendingPool
FN:48,getLendingPoolCore
FN:53,setLendingPoolCore
FN:58,getLendingPoolConfigurator
FN:62,setLendingPoolConfigurator
FN:67,getLendingPoolManager
FN:71,setLendingPoolManager
FN:76,getLendingPoolDataProvider
FN:80,setLendingPoolDataProvider
FN:85,getNetworkMetadataProvider
FN:89,setNetworkMetadataProvider
FN:94,getLendingPoolParametersProvider
FN:98,setLendingPoolParametersProvider
FN:104,getPriceOracle
FN:108,setPriceOracle
FN:113,getLendingRateOracle
FN:117,setLendingRateOracle
FN:122,getFeeProvider
FN:126,setFeeProvider
FN:131,getLendingPoolLiquidationManager
FN:135,setLendingPoolLiquidationManager
FN:140,getLendingPoolFlashLoanProvider
FN:144,setLendingPoolFlashLoanProvider
FNF:24
FNH:24
FNDA:76,getLendingPool
FNDA:3,setLendingPool
FNDA:180,getLendingPoolCore
FNDA:2,setLendingPoolCore
FNDA:132,getLendingPoolConfigurator
FNDA:3,setLendingPoolConfigurator
FNDA:138,getLendingPoolManager
FNDA:2,setLendingPoolManager
FNDA:26,getLendingPoolDataProvider
FNDA:2,setLendingPoolDataProvider
FNDA:41,getNetworkMetadataProvider
FNDA:2,setNetworkMetadataProvider
FNDA:4,getLendingPoolParametersProvider
FNDA:2,setLendingPoolParametersProvider
FNDA:104,getPriceOracle
FNDA:2,setPriceOracle
FNDA:479,getLendingRateOracle
FNDA:2,setLendingRateOracle
FNDA:32,getFeeProvider
FNDA:2,setFeeProvider
FNDA:8,getLendingPoolLiquidationManager
FNDA:2,setLendingPoolLiquidationManager
FNDA:6,getLendingPoolFlashLoanProvider
FNDA:2,setLendingPoolFlashLoanProvider
DA:40,76
DA:44,3
DA:45,3
DA:49,180
DA:50,180
DA:54,2
DA:55,2
DA:59,132
DA:63,3
DA:64,3
DA:68,138
DA:72,2
DA:73,2
DA:77,26
DA:81,2
DA:82,2
DA:86,41
DA:90,2
DA:91,2
DA:95,4
DA:99,2
DA:100,2
DA:105,104
DA:109,2
DA:110,2
DA:114,479
DA:118,2
DA:119,2
DA:123,32
DA:127,2
DA:128,2
DA:132,8
DA:136,2
DA:137,2
DA:141,6
DA:145,2
DA:146,2
LF:37
LH:37
BRF:0
BRH:0
end_of_record
TN:
SF:/src/contracts/configuration/LendingPoolParametersProvider.sol
FN:20,getMaxStableRateBorrowSizePercent
FN:25,setMaxStableRateBorrowSizePercent
FN:33,getRebalanceDownRateDelta
FN:38,setRebalanceDownRateDelta
FNF:4
FNH:4
FNDA:6,getMaxStableRateBorrowSizePercent
FNDA:2,setMaxStableRateBorrowSizePercent
FNDA:5,getRebalanceDownRateDelta
FNDA:2,setRebalanceDownRateDelta
DA:21,6
DA:26,2
DA:34,5
DA:39,2
LF:4
LH:4
BRF:0
BRH:0
end_of_record
TN:
SF:/src/contracts/configuration/NetworkMetadataProvider.sol
FN:12,getBlocksPerYear
FN:16,setBlocksPerYear
FN:20,getEthereumAddress
FN:24,setEthereumAddress
FNF:4
FNH:4
FNDA:1,getBlocksPerYear
FNDA:2,setBlocksPerYear
FNDA:55,getEthereumAddress
FNDA:2,setEthereumAddress
DA:13,1
DA:17,2
DA:21,55
DA:25,2
LF:4
LH:4
BRF:0
BRH:0
end_of_record
TN:
SF:/src/contracts/configuration/UintStorage.sol
FN:6,getUint
FN:10,_setUint
FNF:2
FNH:2
FNDA:12,getUint
FNDA:6,_setUint
DA:7,12
DA:11,6
LF:2
LH:2
BRF:0
BRH:0
end_of_record
TN:
SF:/src/contracts/fees/FeeProvider.sol
FN:14,constructor
FN:27,calculateLoanOriginationFee
FN:31,setLoanOriginationFeePercentage
FN:35,getLoanOriginationFeePercentage
FN:39,setFeesCollectionAddress
FN:43,getFeesCollectionAddress
FNF:6
FNH:3
FNDA:4,constructor
FNDA:24,calculateLoanOriginationFee
FNDA:0,setLoanOriginationFeePercentage
FNDA:0,getLoanOriginationFeePercentage
FNDA:0,setFeesCollectionAddress
FNDA:7,getFeesCollectionAddress
DA:15,4
DA:20,4
DA:28,24
DA:32,0
DA:36,0
DA:40,0
DA:44,7
LF:7
LH:4
BRF:0
BRH:0
end_of_record
TN:
SF:/src/contracts/flashloan/base/FlashLoanReceiverBase.sol
FN:17,constructor
FN:21,
FN:24,transferFundsBackToPoolInternal
FN:31,transferInternal
FN:42,getBalanceInternal
FNF:5
FNH:5
FNDA:4,constructor
FNDA:5,
FNDA:2,transferFundsBackToPoolInternal
FNDA:2,transferInternal
FNDA:6,getBalanceInternal
DA:18,4
DA:26,2
DA:28,2
DA:32,2
DA:33,1
DA:34,1
DA:37,1
DA:43,6
DA:45,3
DA:48,3
LF:10
LH:10
BRDA:32,1,0,1
BRDA:32,1,1,1
BRDA:43,2,0,3
BRDA:43,2,1,3
BRF:4
BRH:4
end_of_record
TN:
SF:/src/contracts/flashloan/interfaces/IFlashLoanReceiver.sol
FNF:0
FNH:0
LF:0
LH:0
BRF:0
BRH:0
end_of_record
TN:
SF:/src/contracts/interfaces/IFeeProvider.sol
FNF:0
FNH:0
LF:0
LH:0
BRF:0
BRH:0
end_of_record
TN:
SF:/src/contracts/interfaces/ILendingPoolAddressesProvider.sol
FNF:0
FNH:0
LF:0
LH:0
BRF:0
BRH:0
end_of_record
TN:
SF:/src/contracts/interfaces/ILendingRateOracle.sol
FNF:0
FNH:0
LF:0
LH:0
BRF:0
BRH:0
end_of_record
TN:
SF:/src/contracts/interfaces/INetworkMetadataProvider.sol
FNF:0
FNH:0
LF:0
LH:0
BRF:0
BRH:0
end_of_record
TN:
SF:/src/contracts/interfaces/IPriceOracle.sol
FNF:0
FNH:0
LF:0
LH:0
BRF:0
BRH:0
end_of_record
TN:
SF:/src/contracts/interfaces/IReserveInterestRateStrategy.sol
FNF:0
FNH:0
LF:0
LH:0
BRF:0
BRH:0
end_of_record
TN:
SF:/src/contracts/lendingpool/DefaultReserveInterestRateStrategy.sol
FN:35,constructor
FN:56,getBaseVariableBorrowRate
FN:60,getVariableBorrowRateScaling
FN:64,getStableBorrowRateScaling
FN:68,getBorrowToLiquidityRateDelta
FN:77,calculateInterestRates
FN:106,getOverallBorrowRateInternal
FNF:7
FNH:4
FNDA:32,constructor
FNDA:260,getBaseVariableBorrowRate
FNDA:0,getVariableBorrowRateScaling
FNDA:0,getStableBorrowRateScaling
FNDA:0,getBorrowToLiquidityRateDelta
FNDA:97,calculateInterestRates
FNDA:97,getOverallBorrowRateInternal
DA:43,32
DA:44,32
DA:45,32
DA:46,32
DA:47,32
DA:48,32
DA:49,32
DA:57,260
DA:61,0
DA:65,0
DA:69,0
DA:85,97
DA:87,97
DA:88,5
DA:91,97
DA:95,97
DA:112,97
DA:114,97
DA:116,24
DA:120,24
DA:122,24
DA:124,24
LF:22
LH:19
BRDA:87,1,0,5
BRDA:87,1,1,92
BRDA:114,2,0,73
BRDA:114,2,1,24
BRF:4
BRH:4
end_of_record
TN:
SF:/src/contracts/lendingpool/LendingPool.sol
FN:126,onlyOverlyingAToken
FN:134,onlyActiveReserve
FN:139,onlyAmountGreaterThanZero
FN:146,constructor
FN:158,deposit
FN:196,redeemUnderlying
FN:256,borrow
FN:425,repay
FN:532,swapBorrowRateMode
FN:616,rebalanceStableBorrowRate
FN:683,setUserUseReserveAsCollateral
FN:708,liquidationCall
FN:735,flashLoan
FN:766,getReserveConfigurationData
FN:783,getReserveData
FN:805,getUserAccountData
FN:821,getUserReserveData
FN:841,getReserves
FN:848,requireReserveActiveInternal
FN:855,requireAmountGreaterThanZeroInternal
FNF:20
FNH:18
FNDA:18,onlyOverlyingAToken
FNDA:173,onlyActiveReserve
FNDA:120,onlyAmountGreaterThanZero
FNDA:4,constructor
FNDA:49,deposit
FNDA:16,redeemUnderlying
FNDA:30,borrow
FNDA:11,repay
FNDA:5,swapBorrowRateMode
FNDA:9,rebalanceStableBorrowRate
FNDA:5,setUserUseReserveAsCollateral
FNDA:8,liquidationCall
FNDA:6,flashLoan
FNDA:0,getReserveConfigurationData
FNDA:419,getReserveData
FNDA:12,getUserAccountData
FNDA:179,getUserReserveData
FNDA:0,getReserves
FNDA:173,requireReserveActiveInternal
FNDA:120,requireAmountGreaterThanZeroInternal
DA:127,18
DA:131,16
DA:135,173
DA:136,157
DA:140,120
DA:141,112
DA:148,4
DA:149,4
DA:150,4
DA:151,4
DA:165,49
DA:168,49
DA:169,49
DA:170,49
DA:172,49
DA:174,49
DA:176,43
DA:180,49
DA:184,49
DA:187,45
DA:202,16
DA:203,16
DA:206,16
DA:212,16
DA:213,16
DA:214,16
DA:217,16
DA:219,16
DA:220,13
DA:223,16
DA:226,16
DA:264,30
DA:267,30
DA:269,30
DA:272,30
DA:274,30
DA:279,30
DA:286,30
DA:288,24
DA:294,24
DA:296,24
DA:298,24
DA:303,24
DA:307,24
DA:322,18
DA:325,8
DA:334,6
DA:335,6
DA:337,6
DA:341,14
DA:346,14
DA:351,12
DA:352,12
DA:355,12
DA:359,12
DA:367,12
DA:369,12
DA:380,12
DA:381,4
DA:384,8
DA:388,12
DA:390,12
DA:391,12
DA:394,12
DA:395,12
DA:396,12
DA:399,12
DA:402,12
DA:435,11
DA:437,11
DA:441,11
DA:442,11
DA:444,11
DA:446,11
DA:452,9
DA:454,9
DA:455,2
DA:458,9
DA:462,7
DA:463,0
DA:464,0
DA:470,0
DA:473,7
DA:476,7
DA:479,7
DA:487,7
DA:488,7
DA:491,7
DA:494,7
DA:495,7
DA:498,7
DA:500,7
DA:501,1
DA:502,1
DA:503,1
DA:506,1
DA:507,1
DA:510,6
DA:511,6
DA:514,7
DA:516,7
DA:517,7
DA:522,7
DA:525,7
DA:534,5
DA:535,5
DA:539,5
DA:542,3
DA:543,3
DA:546,3
DA:547,3
DA:549,3
DA:551,1
DA:554,1
DA:555,1
DA:556,1
DA:557,1
DA:569,2
DA:575,2
DA:576,2
DA:577,2
DA:578,2
DA:580,2
DA:583,3
DA:584,3
DA:585,3
DA:588,3
DA:589,3
DA:591,3
DA:592,2
DA:595,1
DA:598,3
DA:618,9
DA:623,9
DA:627,7
DA:633,5
DA:635,5
DA:636,5
DA:637,5
DA:638,5
DA:639,5
DA:640,5
DA:642,5
DA:643,5
DA:644,5
DA:657,5
DA:661,1
DA:662,1
DA:663,1
DA:672,1
DA:676,4
DA:685,5
DA:687,5
DA:689,5
DA:694,3
DA:696,3
DA:697,1
DA:700,2
DA:715,8
DA:718,8
DA:726,8
DA:728,8
DA:730,8
DA:731,6
DA:743,6
DA:746,6
DA:753,6
DA:755,6
DA:757,6
DA:758,4
DA:779,0
DA:802,419
DA:818,12
DA:838,179
DA:842,0
DA:849,173
DA:856,120
LF:177
LH:172
BRDA:127,1,0,16
BRDA:127,1,1,2
BRDA:174,2,0,43
BRDA:174,2,1,6
BRDA:203,3,0,16
BRDA:203,3,1,0
BRDA:219,4,0,13
BRDA:219,4,1,3
BRDA:267,5,0,30
BRDA:267,5,1,0
BRDA:269,6,0,30
BRDA:269,6,1,0
BRDA:274,7,0,30
BRDA:274,7,1,0
BRDA:286,8,0,24
BRDA:286,8,1,6
BRDA:288,9,0,24
BRDA:288,9,1,0
BRDA:307,10,0,18
BRDA:307,10,1,6
BRDA:322,11,0,8
BRDA:322,11,1,10
BRDA:325,12,0,6
BRDA:325,12,1,2
BRDA:337,13,0,4
BRDA:337,13,1,2
BRDA:346,14,0,12
BRDA:346,14,1,2
BRDA:380,15,0,4
BRDA:380,15,1,8
BRDA:444,16,0,11
BRDA:444,16,1,0
BRDA:446,17,0,9
BRDA:446,17,1,2
BRDA:454,18,0,2
BRDA:454,18,1,7
BRDA:458,19,0,7
BRDA:458,19,1,2
BRDA:462,20,0,0
BRDA:462,20,1,7
BRDA:500,21,0,1
BRDA:500,21,1,6
BRDA:506,22,0,1
BRDA:506,22,1,0
BRDA:539,23,0,3
BRDA:539,23,1,2
BRDA:549,24,0,1
BRDA:549,24,1,2
BRDA:569,25,0,2
BRDA:569,25,1,0
BRDA:591,26,0,2
BRDA:591,26,1,1
BRDA:623,27,0,7
BRDA:623,27,1,2
BRDA:627,28,0,5
BRDA:627,28,1,2
BRDA:657,29,0,1
BRDA:657,29,1,4
BRDA:687,30,0,5
BRDA:687,30,1,0
BRDA:689,31,0,3
BRDA:689,31,1,2
BRDA:696,32,0,1
BRDA:696,32,1,2
BRDA:726,33,0,8
BRDA:726,33,1,0
BRDA:730,34,0,6
BRDA:730,34,1,2
BRDA:753,35,0,6
BRDA:753,35,1,0
BRDA:757,36,0,4
BRDA:757,36,1,2
BRDA:849,37,0,157
BRDA:849,37,1,16
BRDA:856,38,0,112
BRDA:856,38,1,8
BRF:76
BRH:64
end_of_record
TN:
SF:/src/contracts/lendingpool/LendingPoolConfigurator.sol
FN:48,onlyLendingPoolManager
FN:56,constructor
FN:66,initReserve
FN:93,initReserveWithData
FN:123,enableBorrowingOnReserve
FN:132,disableBorrowingOnReserve
FN:144,enableReserveAsCollateral
FN:153,disableReserveAsCollateral
FN:165,enableReserveStableBorrowRate
FN:172,disableReserveStableBorrowRate
FN:179,activateReserve
FN:186,deactivateReserve
FN:199,setReserveBaseLTVasCollateral
FN:204,setReserveLiquidationThreshold
FN:212,setReserveLiquidationDiscount
FN:221,setReserveInterestRateStrategyAddress
FN:226,setLendingPoolCoreAddressesProvider
FN:231,refreshLendingPoolCoreConfiguration
FNF:18
FNH:16
FNDA:137,onlyLendingPoolManager
FNDA:4,constructor
FNDA:32,initReserve
FNDA:32,initReserveWithData
FNDA:33,enableBorrowingOnReserve
FNDA:1,disableBorrowingOnReserve
FNDA:29,enableReserveAsCollateral
FNDA:1,disableReserveAsCollateral
FNDA:1,enableReserveStableBorrowRate
FNDA:1,disableReserveStableBorrowRate
FNDA:1,activateReserve
FNDA:1,deactivateReserve
FNDA:1,setReserveBaseLTVasCollateral
FNDA:1,setReserveLiquidationThreshold
FNDA:1,setReserveLiquidationDiscount
FNDA:0,setReserveInterestRateStrategyAddress
FNDA:0,setLendingPoolCoreAddressesProvider
FNDA:2,refreshLendingPoolCoreConfiguration
DA:49,137
DA:53,137
DA:59,4
DA:74,32
DA:76,32
DA:77,32
DA:79,32
DA:103,32
DA:105,32
DA:114,32
DA:116,32
DA:127,33
DA:128,33
DA:129,33
DA:133,1
DA:134,1
DA:136,1
DA:148,29
DA:149,29
DA:150,29
DA:154,1
DA:155,1
DA:157,1
DA:166,1
DA:167,1
DA:169,1
DA:173,1
DA:174,1
DA:176,1
DA:180,1
DA:181,1
DA:183,1
DA:187,1
DA:188,1
DA:190,1
DA:200,1
DA:201,1
DA:208,1
DA:209,1
DA:216,1
DA:217,1
DA:222,0
DA:223,0
DA:227,0
DA:228,0
DA:232,2
DA:233,2
LF:47
LH:43
BRDA:49,1,0,137
BRDA:49,1,1,0
BRF:2
BRH:1
end_of_record
TN:
SF:/src/contracts/lendingpool/LendingPoolCore.sol
FN:56,onlyLendingPool
FN:64,onlyLendingPoolConfigurator
FN:76,onlyReserveWithEnabledBorrowingOrCollateral
FN:87,onlyReserveWithEnabledBorrowing
FN:97,constructor
FN:110,updateReserveCumulativeIndexes
FN:119,cumulateLiquidityToReserveLiquidityIndex
FN:128,updateReserveInterestRates
FN:147,increaseReserveTotalLiquidity
FN:161,decreaseReserveTotalLiquidity
FN:171,increaseReserveTotalBorrowsStableAndUpdateAverageRate
FN:186,decreaseReserveTotalBorrowsStableAndUpdateAverageRate
FN:197,increaseReserveTotalBorrowsVariable
FN:210,decreaseReserveTotalBorrowsVariable
FN:218,updateReserveTotalBorrowsByRateMode
FN:256,setReserveLastUpdate
FN:273,updateUserLastVariableBorrowCumulativeIndex
FN:280,increaseUserOriginationFee
FN:285,decreaseUserOriginationFee
FN:290,increaseUserPrincipalBorrowBalance
FN:299,decreaseUserPrincipalBorrowBalance
FN:308,setUserUseReserveAsCollateral
FN:313,setUserLastUpdate
FN:323,updateUserStableBorrowRate
FN:329,resetUserStableBorrowRate
FN:338,getReserveInterestRateStrategyAddress
FN:343,getReserveATokenAddress
FN:348,getReserveAvailableLiquidity
FN:353,getReserveTotalLiquidity
FN:358,getReserveNormalizedIncome
FN:363,getReserveTotalBorrows
FN:367,getReserveTotalBorrowsStable
FN:372,getReserveTotalBorrowsVariable
FN:377,getReserveLiquidationThreshold
FN:382,getReserveLiquidationDiscount
FN:387,getReserveCurrentVariableBorrowRate
FN:397,getReserveCurrentStableBorrowRate
FN:409,getReserveCurrentAverageStableBorrowRate
FN:414,getReserveCurrentLiquidityRate
FN:419,getReserveLiquidityCumulativeIndex
FN:424,getReserveVariableBorrowsCumulativeIndex
FN:435,getReserveConfiguration
FN:453,getReserveDecimals
FN:457,isReserveBorrowingEnabled
FN:462,isReserveUsageAsCollateralEnabled
FN:467,getReserveIsStableBorrowRateEnabled
FN:472,getReserveIsActive
FN:478,getReserveLastUpdate
FN:487,isUserUseReserveAsCollateralEnabled
FN:491,getUserOriginationFee
FN:496,getUserCurrentBorrowRateMode
FN:505,getUserCurrentStableBorrowRate
FN:510,getUserBorrowBalances
FN:530,getUserVariableBorrowCumulativeIndex
FN:535,getUserLastUpdate
FN:548,getReserveUtilizationRate
FN:552,getReserves
FN:560,setAddressesProvider
FN:566,refreshConfiguration
FN:570,initReserve
FN:579,setReserveInterestRateStrategyAddress
FN:583,enableBorrowingOnReserve
FN:590,disableBorrowingOnReserve
FN:594,enableReserveAsCollateral
FN:601,disableReserveAsCollateral
FN:605,enableReserveStableBorrowRate
FN:610,disableReserveStableBorrowRate
FN:615,activateReserve
FN:626,deactivateReserve
FN:637,setReserveBaseLTVasCollateral
FN:644,setReserveLiquidationThreshold
FN:652,setReserveLiquidationDiscount
FN:663,
FN:669,transferToUser
FN:680,transferToFeeCollectionAddress
FN:698,transferToReserve
FN:725,refreshConfigInternal
FN:731,addReserveToListInternal
FNF:78
FNH:74
FNDA:721,onlyLendingPool
FNDA:130,onlyLendingPoolConfigurator
FNDA:158,onlyReserveWithEnabledBorrowingOrCollateral
FNDA:29,onlyReserveWithEnabledBorrowing
FNDA:4,constructor
FNDA:98,updateReserveCumulativeIndexes
FNDA:2,cumulateLiquidityToReserveLiquidityIndex
FNDA:97,updateReserveInterestRates
FNDA:81,increaseReserveTotalLiquidity
FNDA:18,decreaseReserveTotalLiquidity
FNDA:11,increaseReserveTotalBorrowsStableAndUpdateAverageRate
FNDA:5,decreaseReserveTotalBorrowsStableAndUpdateAverageRate
FNDA:8,increaseReserveTotalBorrowsVariable
FNDA:9,decreaseReserveTotalBorrowsVariable
FNDA:12,updateReserveTotalBorrowsByRateMode
FNDA:98,setReserveLastUpdate
FNDA:24,updateUserLastVariableBorrowCumulativeIndex
FNDA:12,increaseUserOriginationFee
FNDA:7,decreaseUserOriginationFee
FNDA:29,increaseUserPrincipalBorrowBalance
FNDA:9,decreaseUserPrincipalBorrowBalance
FNDA:59,setUserUseReserveAsCollateral
FNDA:25,setUserLastUpdate
FNDA:7,updateUserStableBorrowRate
FNDA:10,resetUserStableBorrowRate
FNDA:0,getReserveInterestRateStrategyAddress
FNDA:2077,getReserveATokenAddress
FNDA:472,getReserveAvailableLiquidity
FNDA:421,getReserveTotalLiquidity
FNDA:408,getReserveNormalizedIncome
FNDA:472,getReserveTotalBorrows
FNDA:421,getReserveTotalBorrowsStable
FNDA:421,getReserveTotalBorrowsVariable
FNDA:0,getReserveLiquidationThreshold
FNDA:3,getReserveLiquidationDiscount
FNDA:448,getReserveCurrentVariableBorrowRate
FNDA:446,getReserveCurrentStableBorrowRate
FNDA:419,getReserveCurrentAverageStableBorrowRate
FNDA:603,getReserveCurrentLiquidityRate
FNDA:420,getReserveLiquidityCumulativeIndex
FNDA:419,getReserveVariableBorrowsCumulativeIndex
FNDA:129,getReserveConfiguration
FNDA:24,getReserveDecimals
FNDA:39,isReserveBorrowingEnabled
FNDA:9,isReserveUsageAsCollateralEnabled
FNDA:12,getReserveIsStableBorrowRateEnabled
FNDA:175,getReserveIsActive
FNDA:419,getReserveLastUpdate
FNDA:292,isUserUseReserveAsCollateralEnabled
FNDA:190,getUserOriginationFee
FNDA:212,getUserCurrentBorrowRateMode
FNDA:27,getUserCurrentStableBorrowRate
FNDA:1420,getUserBorrowBalances
FNDA:181,getUserVariableBorrowCumulativeIndex
FNDA:179,getUserLastUpdate
FNDA:419,getReserveUtilizationRate
FNDA:90,getReserves
FNDA:0,setAddressesProvider
FNDA:3,refreshConfiguration
FNDA:32,initReserve
FNDA:0,setReserveInterestRateStrategyAddress
FNDA:33,enableBorrowingOnReserve
FNDA:2,disableBorrowingOnReserve
FNDA:29,enableReserveAsCollateral
FNDA:2,disableReserveAsCollateral
FNDA:1,enableReserveStableBorrowRate
FNDA:1,disableReserveStableBorrowRate
FNDA:1,activateReserve
FNDA:1,deactivateReserve
FNDA:1,setReserveBaseLTVasCollateral
FNDA:1,setReserveLiquidationThreshold
FNDA:1,setReserveLiquidationDiscount
FNDA:1,
FNDA:35,transferToUser
FNDA:7,transferToFeeCollectionAddress
FNDA:58,transferToReserve
FNDA:7,refreshConfigInternal
FNDA:32,addReserveToListInternal
DA:57,721
DA:58,721
DA:65,130
DA:69,108
DA:77,158
DA:81,158
DA:88,29
DA:89,29
DA:98,4
DA:99,4
DA:111,98
DA:120,2
DA:130,97
DA:131,97
DA:152,81
DA:153,81
DA:162,18
DA:163,18
DA:176,11
DA:190,5
DA:202,8
DA:211,9
DA:226,12
DA:227,12
DA:230,12
DA:232,1
DA:233,1
DA:235,1
DA:236,1
DA:239,0
DA:243,11
DA:244,3
DA:245,3
DA:248,8
DA:257,98
DA:258,98
DA:274,24
DA:275,24
DA:277,24
DA:281,12
DA:282,12
DA:286,7
DA:287,7
DA:295,29
DA:296,29
DA:303,9
DA:304,9
DA:305,9
DA:309,59
DA:310,59
DA:314,25
DA:317,25
DA:324,7
DA:326,7
DA:330,10
DA:331,10
DA:339,0
DA:340,0
DA:344,2077
DA:345,2077
DA:349,472
DA:350,472
DA:354,421
DA:355,421
DA:359,408
DA:360,408
DA:364,472
DA:368,421
DA:369,421
DA:373,421
DA:374,421
DA:378,0
DA:379,0
DA:383,3
DA:384,3
DA:388,448
DA:390,448
DA:391,260
DA:394,188
DA:398,446
DA:399,446
DA:401,446
DA:403,263
DA:406,183
DA:410,419
DA:411,419
DA:415,603
DA:416,603
DA:420,420
DA:421,420
DA:425,419
DA:426,419
DA:444,129
DA:445,129
DA:446,129
DA:447,129
DA:448,129
DA:449,129
DA:450,129
DA:454,24
DA:458,39
DA:459,39
DA:463,9
DA:464,9
DA:468,12
DA:469,12
DA:473,175
DA:474,175
DA:479,419
DA:480,419
DA:488,292
DA:489,292
DA:492,190
DA:493,190
DA:501,212
DA:502,212
DA:506,27
DA:507,27
DA:518,1420
DA:519,1420
DA:521,1420
DA:522,1420
DA:527,1420
DA:531,181
DA:532,181
DA:540,179
DA:541,179
DA:549,419
DA:553,90
DA:562,0
DA:563,0
DA:567,3
DA:574,32
DA:575,32
DA:580,0
DA:587,33
DA:591,2
DA:598,29
DA:602,2
DA:606,1
DA:607,1
DA:611,1
DA:612,1
DA:616,1
DA:618,1
DA:623,1
DA:627,1
DA:628,1
DA:640,1
DA:641,1
DA:648,1
DA:649,1
DA:656,1
DA:657,1
DA:665,1
DA:670,35
DA:671,25
DA:675,10
DA:676,10
DA:685,7
DA:687,7
DA:688,5
DA:689,5
DA:691,2
DA:693,2
DA:694,2
DA:703,58
DA:704,33
DA:705,33
DA:709,25
DA:711,21
DA:712,1
DA:714,1
DA:715,1
DA:727,7
DA:728,7
DA:732,32
DA:733,32
DA:734,240
DA:735,0
DA:737,32
LF:181
LH:172
BRDA:57,1,0,721
BRDA:57,1,1,0
BRDA:65,2,0,108
BRDA:65,2,1,22
BRDA:77,3,0,158
BRDA:77,3,1,0
BRDA:88,4,0,29
BRDA:88,4,1,0
BRDA:230,5,0,1
BRDA:230,5,1,11
BRDA:235,6,0,1
BRDA:235,6,1,0
BRDA:237,7,0,0
BRDA:237,7,1,0
BRDA:243,8,0,3
BRDA:243,8,1,8
BRDA:246,9,0,8
BRDA:246,9,1,0
BRDA:304,10,0,9
BRDA:304,10,1,0
BRDA:390,11,0,260
BRDA:390,11,1,188
BRDA:401,12,0,263
BRDA:401,12,1,183
BRDA:618,13,0,1
BRDA:618,13,1,0
BRDA:665,14,0,1
BRDA:665,14,1,0
BRDA:670,15,0,25
BRDA:670,15,1,10
BRDA:676,16,0,10
BRDA:676,16,1,0
BRDA:687,17,0,5
BRDA:687,17,1,2
BRDA:688,18,0,5
BRDA:688,18,1,0
BRDA:691,19,0,2
BRDA:691,19,1,0
BRDA:694,20,0,2
BRDA:694,20,1,0
BRDA:703,21,0,33
BRDA:703,21,1,25
BRDA:704,22,0,33
BRDA:704,22,1,0
BRDA:709,23,0,21
BRDA:709,23,1,4
BRDA:711,24,0,1
BRDA:711,24,1,20
BRDA:715,25,0,1
BRDA:715,25,1,0
BRDA:734,26,0,0
BRDA:734,26,1,240
BRDA:737,27,0,32
BRDA:737,27,1,0
BRF:54
BRH:36
end_of_record
TN:
SF:/src/contracts/lendingpool/LendingPoolDataProvider.sol
FN:38,constructor
FN:62,calculateUserGlobalData
FN:137,getUserUnderlyingAssetBalance
FN:161,balanceDecreaseAllowed
FN:221,isUserAllowedToBorrowAtStable
FN:240,calculateAvailableBorrowsETHInternal
FN:263,calculateHealthFactorFromBalancesInternal
FN:278,getHealthFactorLiquidationThreshold
FN:283,getReserveConfigurationData
FN:308,getReserveData
FN:342,getUserAccountData
FN:365,getUserReserveData
FN:410,getCoreActualReserveBalance
FNF:13
FNH:12
FNDA:4,constructor
FNDA:75,calculateUserGlobalData
FNDA:1213,getUserUnderlyingAssetBalance
FNDA:26,balanceDecreaseAllowed
FNDA:10,isUserAllowedToBorrowAtStable
FNDA:12,calculateAvailableBorrowsETHInternal
FNDA:75,calculateHealthFactorFromBalancesInternal
FNDA:32,getHealthFactorLiquidationThreshold
FNDA:0,getReserveConfigurationData
FNDA:419,getReserveData
FNDA:12,getUserAccountData
FNDA:179,getUserReserveData
FNDA:12,getCoreActualReserveBalance
DA:39,4
DA:40,4
DA:74,75
DA:77,75
DA:79,75
DA:81,75
DA:83,1200
DA:84,1200
DA:86,1200
DA:87,1099
DA:91,101
DA:96,101
DA:97,101
DA:100,101
DA:103,73
DA:106,73
DA:108,73
DA:109,71
DA:110,71
DA:111,71
DA:116,101
DA:117,28
DA:121,75
DA:122,75
DA:124,75
DA:139,1213
DA:141,1213
DA:164,26
DA:166,26
DA:172,26
DA:173,1
DA:176,25
DA:183,25
DA:184,23
DA:187,2
DA:189,2
DA:194,2
DA:197,2
DA:198,2
DA:201,0
DA:207,0
DA:212,0
DA:226,10
DA:227,0
DA:229,10
DA:245,12
DA:247,12
DA:248,2
DA:251,10
DA:253,10
DA:257,10
DA:272,75
DA:274,28
DA:279,32
DA:296,0
DA:302,0
DA:303,0
DA:305,0
DA:327,419
DA:328,419
DA:329,419
DA:330,419
DA:331,419
DA:332,419
DA:333,419
DA:334,419
DA:335,419
DA:336,419
DA:337,419
DA:338,419
DA:339,419
DA:355,12
DA:362,12
DA:382,179
DA:383,179
DA:384,179
DA:385,179
DA:387,179
DA:388,44
DA:389,44
DA:395,135
DA:396,135
DA:399,179
DA:400,179
DA:401,179
DA:402,179
DA:403,179
DA:412,12
DA:413,12
DA:415,12
DA:417,12
LF:91
LH:83
BRDA:86,1,0,1099
BRDA:86,1,1,101
BRDA:100,2,0,73
BRDA:100,2,1,28
BRDA:108,3,0,71
BRDA:108,3,1,2
BRDA:116,4,0,28
BRDA:116,4,1,73
BRDA:172,5,0,1
BRDA:172,5,1,25
BRDA:183,6,0,23
BRDA:183,6,1,2
BRDA:197,7,0,2
BRDA:197,7,1,0
BRDA:226,8,0,0
BRDA:226,8,1,10
BRDA:247,9,0,2
BRDA:247,9,1,10
BRDA:272,10,0,47
BRDA:272,10,1,28
BRDA:387,11,0,44
BRDA:387,11,1,135
BRF:22
BRH:20
end_of_record
TN:
SF:/src/contracts/lendingpool/LendingPoolFlashLoanProvider.sol
FN:57,flashLoan
FNF:1
FNH:1
FNDA:6,flashLoan
DA:65,6
DA:66,0
DA:70,6
DA:71,0
DA:75,6
DA:76,6
DA:77,0
DA:81,6
DA:85,6
DA:87,6
DA:88,0
DA:91,6
DA:93,6
DA:96,6
DA:99,6
DA:102,6
DA:103,0
DA:107,6
DA:109,6
DA:111,4
DA:115,2
DA:118,2
DA:121,2
DA:124,2
DA:125,2
DA:128,2
DA:130,2
LF:27
LH:22
BRDA:65,1,0,0
BRDA:65,1,1,6
BRDA:70,2,0,0
BRDA:70,2,1,6
BRDA:76,3,0,0
BRDA:76,3,1,6
BRDA:87,4,0,0
BRDA:87,4,1,6
BRDA:102,5,0,0
BRDA:102,5,1,6
BRDA:109,6,0,4
BRDA:109,6,1,2
BRF:12
BRH:7
end_of_record
TN:
SF:/src/contracts/lendingpool/LendingPoolLiquidationManager.sol
FN:79,liquidationCall
FN:225,calculateAvailableCollateralToLiquidate
FNF:2
FNH:2
FNDA:8,liquidationCall
FNDA:2,calculateAvailableCollateralToLiquidate
DA:85,8
DA:87,8
DA:89,8
DA:90,2
DA:93,6
DA:96,6
DA:97,2
DA:100,4
DA:104,4
DA:105,0
DA:109,4
DA:111,4
DA:112,2
DA:116,2
DA:118,2
DA:124,2
DA:131,2
DA:132,0
DA:136,2
DA:137,1
DA:138,1
DA:139,0
DA:144,2
DA:146,2
DA:148,2
DA:150,2
DA:152,2
DA:155,2
DA:158,2
DA:162,0
DA:165,0
DA:168,2
DA:169,2
DA:172,2
DA:175,2
DA:176,2
DA:179,2
DA:180,2
DA:183,2
DA:186,2
DA:187,1
DA:191,1
DA:192,1
DA:193,1
DA:194,1
DA:197,2
DA:201,2
DA:204,2
DA:206,2
DA:231,2
DA:232,2
DA:233,2
DA:236,2
DA:238,2
DA:239,2
DA:240,2
DA:244,2
DA:249,2
DA:250,0
DA:251,0
DA:258,2
DA:259,2
DA:262,2
LF:63
LH:56
BRDA:89,1,0,2
BRDA:89,1,1,6
BRDA:96,2,0,2
BRDA:96,2,1,4
BRDA:104,3,0,0
BRDA:104,3,1,4
BRDA:111,4,0,2
BRDA:111,4,1,2
BRDA:131,5,0,0
BRDA:131,5,1,2
BRDA:136,6,0,1
BRDA:136,6,1,1
BRDA:138,7,0,0
BRDA:138,7,1,1
BRDA:150,8,0,2
BRDA:150,8,1,0
BRDA:186,9,0,1
BRDA:186,9,1,1
BRDA:249,10,0,0
BRDA:249,10,1,2
BRF:20
BRH:15
end_of_record
TN:
SF:/src/contracts/libraries/CoreLibrary.sol
FN:83,getReserveUtilizationRate
FN:99,getNormalizedIncome
FN:120,updateCumulativeIndexes
FN:139,cumulateToLiquidityIndex
FN:154,init
FN:175,enableBorrowing
FN:187,disableBorrowing
FN:191,enableAsCollateral
FN:204,disableAsCollateral
FN:212,getCompoundedBorrowBalance
FN:253,increaseTotalBorrowsStableAndUpdateAverageRate
FN:268,decreaseTotalBorrowsStableAndUpdateAverageRate
FN:294,increaseTotalBorrowsVariable
FN:298,decreaseTotalBorrowsVariable
FN:303,setLastUpdate
FN:308,getTotalBorrows
FN:317,calculateCumulatedInterest
FNF:17
FNH:17
FNDA:614,getReserveUtilizationRate
FNDA:408,getNormalizedIncome
FNDA:98,updateCumulativeIndexes
FNDA:2,cumulateToLiquidityIndex
FNDA:32,init
FNDA:33,enableBorrowing
FNDA:2,disableBorrowing
FNDA:29,enableAsCollateral
FNDA:2,disableAsCollateral
FNDA:1420,getCompoundedBorrowBalance
FNDA:15,increaseTotalBorrowsStableAndUpdateAverageRate
FNDA:6,decreaseTotalBorrowsStableAndUpdateAverageRate
FNDA:16,increaseTotalBorrowsVariable
FNDA:12,decreaseTotalBorrowsVariable
FNDA:98,setLastUpdate
FNDA:778,getTotalBorrows
FNDA:545,calculateCumulatedInterest
DA:85,614
DA:87,306
DA:89,306
DA:105,408
DA:110,408
DA:122,98
DA:124,98
DA:126,20
DA:128,20
DA:132,20
DA:133,20
DA:141,2
DA:143,2
DA:145,2
DA:155,32
DA:157,32
DA:159,32
DA:162,32
DA:163,32
DA:166,32
DA:167,32
DA:169,32
DA:170,32
DA:179,33
DA:181,33
DA:182,33
DA:188,2
DA:194,29
DA:196,29
DA:197,29
DA:198,29
DA:200,29
DA:205,2
DA:219,1420
DA:221,97
DA:222,97
DA:223,97
DA:225,97
DA:226,45
DA:230,52
DA:235,97
DA:239,97
DA:242,19
DA:246,0
DA:250,97
DA:254,15
DA:256,15
DA:260,15
DA:261,15
DA:263,15
DA:270,6
DA:272,6
DA:275,6
DA:277,6
DA:278,4
DA:279,4
DA:284,2
DA:285,2
DA:287,2
DA:289,2
DA:295,16
DA:299,12
DA:300,12
DA:305,98
DA:309,778
DA:320,545
DA:322,545
DA:325,545
LF:68
LH:67
BRDA:85,1,0,308
BRDA:85,1,1,306
BRDA:124,2,0,20
BRDA:124,2,1,78
BRDA:155,3,0,32
BRDA:155,3,1,0
BRDA:157,4,0,32
BRDA:157,4,1,0
BRDA:162,5,0,32
BRDA:162,5,1,0
BRDA:179,6,0,33
BRDA:179,6,1,0
BRDA:194,7,0,29
BRDA:194,7,1,0
BRDA:200,8,0,0
BRDA:200,8,1,29
BRDA:219,9,0,1323
BRDA:219,9,1,97
BRDA:225,10,0,45
BRDA:225,10,1,52
BRDA:239,11,0,19
BRDA:239,11,1,78
BRDA:242,12,0,0
BRDA:242,12,1,19
BRDA:270,13,0,6
BRDA:270,13,1,0
BRDA:277,14,0,4
BRDA:277,14,1,2
BRDA:287,15,0,2
BRDA:287,15,1,0
BRDA:299,16,0,12
BRDA:299,16,1,0
BRF:32
BRH:22
end_of_record
TN:
SF:/src/contracts/libraries/WadRayMath.sol
FN:22,ray
FN:25,wad
FN:29,halfRay
FN:33,halfWad
FN:38,wadMul
FN:42,wadDiv
FN:48,rayMul
FN:52,rayDiv
FN:58,rayToWad
FN:64,wadToRay
FNF:10
FNH:7
FNDA:616,ray
FNDA:0,wad
FNDA:0,halfRay
FNDA:0,halfWad
FNDA:52,wadMul
FNDA:28,wadDiv
FNDA:1430,rayMul
FNDA:1544,rayDiv
FNDA:336,rayToWad
FNDA:1504,wadToRay
DA:23,616
DA:26,0
DA:30,0
DA:34,0
DA:39,52
DA:43,28
DA:45,28
DA:49,1430
DA:53,1544
DA:55,1544
DA:59,336
DA:61,336
DA:65,1504
LF:13
LH:10
BRF:0
BRH:0
end_of_record
TN:
SF:/src/contracts/mocks/FlashLoan/MockFlashLoanReceiver.sol
FN:16,constructor
FN:19,setFailExecutionTransfer
FN:23,executeOperation
FNF:3
FNH:3
FNDA:4,constructor
FNDA:3,setFailExecutionTransfer
FNDA:6,executeOperation
DA:20,3
DA:28,6
DA:32,6
DA:34,6
DA:35,4
DA:37,4
DA:42,2
DA:44,2
DA:45,1
DA:48,2
DA:49,2
DA:50,2
LF:12
LH:12
BRDA:32,1,0,6
BRDA:32,1,1,0
BRDA:34,2,0,4
BRDA:34,2,1,2
BRDA:44,3,0,1
BRDA:44,3,1,1
BRF:6
BRH:5
end_of_record
TN:
SF:/src/contracts/mocks/tokens/MintableERC20.sol
FN:15,mint
FNF:1
FNH:1
FNDA:31,mint
DA:16,31
DA:17,31
LF:2
LH:2
BRF:0
BRH:0
end_of_record
TN:
SF:/src/contracts/mocks/tokens/MockAMPL.sol
FNF:0
FNH:0
LF:0
LH:0
BRF:0
BRH:0
end_of_record
TN:
SF:/src/contracts/mocks/tokens/MockBAT.sol
FNF:0
FNH:0
LF:0
LH:0
BRF:0
BRH:0
end_of_record
TN:
SF:/src/contracts/mocks/tokens/MockDAI.sol
FNF:0
FNH:0
LF:0
LH:0
BRF:0
BRH:0
end_of_record
TN:
SF:/src/contracts/mocks/tokens/MockETH.sol
FNF:0
FNH:0
LF:0
LH:0
BRF:0
BRH:0
end_of_record
TN:
SF:/src/contracts/mocks/tokens/MockKNC.sol
FNF:0
FNH:0
LF:0
LH:0
BRF:0
BRH:0
end_of_record
TN:
SF:/src/contracts/mocks/tokens/MockLEND.sol
FNF:0
FNH:0
LF:0
LH:0
BRF:0
BRH:0
end_of_record
TN:
SF:/src/contracts/mocks/tokens/MockLINK.sol
FNF:0
FNH:0
LF:0
LH:0
BRF:0
BRH:0
end_of_record
TN:
SF:/src/contracts/mocks/tokens/MockMANA.sol
FNF:0
FNH:0
LF:0
LH:0
BRF:0
BRH:0
end_of_record
TN:
SF:/src/contracts/mocks/tokens/MockMKR.sol
FNF:0
FNH:0
LF:0
LH:0
BRF:0
BRH:0
end_of_record
TN:
SF:/src/contracts/mocks/tokens/MockREP.sol
FNF:0
FNH:0
LF:0
LH:0
BRF:0
BRH:0
end_of_record
TN:
SF:/src/contracts/mocks/tokens/MockSUSD.sol
FNF:0
FNH:0
LF:0
LH:0
BRF:0
BRH:0
end_of_record
TN:
SF:/src/contracts/mocks/tokens/MockTUSD.sol
FNF:0
FNH:0
LF:0
LH:0
BRF:0
BRH:0
end_of_record
TN:
SF:/src/contracts/mocks/tokens/MockUSDC.sol
FNF:0
FNH:0
LF:0
LH:0
BRF:0
BRH:0
end_of_record
TN:
SF:/src/contracts/mocks/tokens/MockUSDT.sol
FNF:0
FNH:0
LF:0
LH:0
BRF:0
BRH:0
end_of_record
TN:
SF:/src/contracts/mocks/tokens/MockWBTC.sol
FNF:0
FNH:0
LF:0
LH:0
BRF:0
BRH:0
end_of_record
TN:
SF:/src/contracts/mocks/tokens/MockZRX.sol
FNF:0
FNH:0
LF:0
LH:0
BRF:0
BRH:0
end_of_record
TN:
SF:/src/contracts/tokenization/AToken.sol
FN:55,onlyLendingPool
FN:63,whenTranferAllowed
FN:68,constructor
FN:91,_transfer
FN:99,redeem
FN:120,mintOnDeposit
FN:131,burnOnLiquidation
FN:140,transferOnLiquidation
FN:148,getExchangeRate
FN:154,balanceOfUnderlying
FN:158,aTokenAmountToUnderlyingAmount
FN:177,isTransferAllowed
FN:183,underlyingAmountToATokenAmount
FN:195,burnOnRedeemInternal
FNF:14
FNH:14
FNDA:51,onlyLendingPool
FNDA:21,whenTranferAllowed
FNDA:32,constructor
FNDA:1,_transfer
FNDA:20,redeem
FNDA:49,mintOnDeposit
FNDA:1,burnOnLiquidation
FNDA:1,transferOnLiquidation
FNDA:408,getExchangeRate
FNDA:1392,balanceOfUnderlying
FNDA:1432,aTokenAmountToUnderlyingAmount
FNDA:21,isTransferAllowed
FNDA:51,underlyingAmountToATokenAmount
FNDA:16,burnOnRedeemInternal
DA:56,51
DA:60,51
DA:64,21
DA:65,21
DA:78,32
DA:80,32
DA:81,32
DA:82,32
DA:83,32
DA:84,32
DA:92,1
DA:93,1
DA:100,20
DA:101,18
DA:104,16
DA:105,16
DA:108,16
DA:111,16
DA:112,16
DA:113,16
DA:121,49
DA:123,49
DA:124,49
DA:132,1
DA:133,1
DA:141,1
DA:142,1
DA:149,408
DA:151,408
DA:155,1392
DA:159,1432
DA:161,1242
DA:164,190
DA:166,190
DA:178,21
DA:179,21
DA:180,21
DA:184,51
DA:186,2
DA:189,49
DA:196,16
LF:41
LH:41
BRDA:56,1,0,51
BRDA:56,1,1,0
BRDA:64,2,0,21
BRDA:64,2,1,0
BRDA:78,3,0,32
BRDA:78,3,1,0
BRDA:100,4,0,18
BRDA:100,4,1,2
BRDA:101,5,0,16
BRDA:101,5,1,2
BRDA:105,6,0,16
BRDA:105,6,1,0
BRDA:159,7,0,1242
BRDA:159,7,1,190
BRDA:184,8,0,2
BRDA:184,8,1,49
BRF:16
BRH:12
end_of_record
